# JRE version: OpenJDK Runtime Environment Microsoft-11369865 (17.0.15+6) (build 17.0.15+6-LTS)
# Java VM: OpenJDK 64-Bit Server VM Microsoft-11369865 (17.0.15+6-LTS, mixed mode, sharing, tiered, compressed oops, compressed class ptrs, g1 gc, windows-amd64)
GC Precious Log:
 CPUs: 4 total, 4 available
 Memory: 8073M
 Large Page Support: Disabled
 NUMA Support: Disabled
 Compressed Oops: Enabled (32-bit)
 Heap Region Size: 1M
 Heap Min Capacity: 8M
 Heap Initial Capacity: 128M
 Heap Max Capacity: 2G
 Pre-touch: Disabled
 Parallel Workers: 4
 Concurrent Workers: 1
 Concurrent Refinement Workers: 4
 Periodic GC: Disabled
Heap:
 garbage-first heap   total 306176K, used 239471K [0x0000000080000000, 0x0000000100000000)
  region size 1024K, 17 young (17408K), 4 survivors (4096K)
 Metaspace       used 126590K, committed 128000K, reserved 557056K
  class space    used 17261K, committed 17920K, reserved 425984K
GC Heap History (20 events):
Event: 47.641 GC heap before
{Heap before GC invocations=53 (full 0):
 garbage-first heap   total 306176K, used 257433K [0x0000000080000000, 0x0000000100000000)
  region size 1024K, 57 young (58368K), 7 survivors (7168K)
 Metaspace       used 113410K, committed 114752K, reserved 557056K
  class space    used 15739K, committed 16384K, reserved 425984K
}
Event: 47.660 GC heap after
{Heap after GC invocations=54 (full 0):
 garbage-first heap   total 306176K, used 209600K [0x0000000080000000, 0x0000000100000000)
  region size 1024K, 4 young (4096K), 4 survivors (4096K)
 Metaspace       used 113410K, committed 114752K, reserved 557056K
  class space    used 15739K, committed 16384K, reserved 425984K
}
Event: 47.987 GC heap before
{Heap before GC invocations=54 (full 0):
 garbage-first heap   total 306176K, used 259776K [0x0000000080000000, 0x0000000100000000)
  region size 1024K, 53 young (54272K), 4 survivors (4096K)
 Metaspace       used 113410K, committed 114752K, reserved 557056K
  class space    used 15739K, committed 16384K, reserved 425984K
}
Event: 47.994 GC heap after
{Heap after GC invocations=55 (full 0):
 garbage-first heap   total 306176K, used 210696K [0x0000000080000000, 0x0000000100000000)
  region size 1024K, 5 young (5120K), 5 survivors (5120K)
 Metaspace       used 113410K, committed 114752K, reserved 557056K
  class space    used 15739K, committed 16384K, reserved 425984K
}
Event: 48.324 GC heap before
{Heap before GC invocations=55 (full 0):
 garbage-first heap   total 306176K, used 260872K [0x0000000080000000, 0x0000000100000000)
  region size 1024K, 54 young (55296K), 5 survivors (5120K)
 Metaspace       used 113410K, committed 114752K, reserved 557056K
  class space    used 15739K, committed 16384K, reserved 425984K
}
Event: 48.330 GC heap after
{Heap after GC invocations=56 (full 0):
 garbage-first heap   total 306176K, used 211728K [0x0000000080000000, 0x0000000100000000)
  region size 1024K, 5 young (5120K), 5 survivors (5120K)
 Metaspace       used 113410K, committed 114752K, reserved 557056K
  class space    used 15739K, committed 16384K, reserved 425984K
}
Event: 48.810 GC heap before
{Heap before GC invocations=56 (full 0):
 garbage-first heap   total 306176K, used 264976K [0x0000000080000000, 0x0000000100000000)
  region size 1024K, 53 young (54272K), 5 survivors (5120K)
 Metaspace       used 114425K, committed 115712K, reserved 557056K
  class space    used 15796K, committed 16384K, reserved 425984K
}
Event: 48.817 GC heap after
{Heap after GC invocations=57 (full 0):
 garbage-first heap   total 306176K, used 212860K [0x0000000080000000, 0x0000000100000000)
  region size 1024K, 5 young (5120K), 5 survivors (5120K)
 Metaspace       used 114425K, committed 115712K, reserved 557056K
  class space    used 15796K, committed 16384K, reserved 425984K
}
Event: 49.887 GC heap before
{Heap before GC invocations=57 (full 0):
 garbage-first heap   total 306176K, used 259964K [0x0000000080000000, 0x0000000100000000)
  region size 1024K, 52 young (53248K), 5 survivors (5120K)
 Metaspace       used 116207K, committed 117504K, reserved 557056K
  class space    used 16008K, committed 16576K, reserved 425984K
}
Event: 49.902 GC heap after
{Heap after GC invocations=58 (full 0):
 garbage-first heap   total 306176K, used 214869K [0x0000000080000000, 0x0000000100000000)
  region size 1024K, 6 young (6144K), 6 survivors (6144K)
 Metaspace       used 116207K, committed 117504K, reserved 557056K
  class space    used 16008K, committed 16576K, reserved 425984K
}
Event: 50.646 GC heap before
{Heap before GC invocations=58 (full 0):
 garbage-first heap   total 306176K, used 259925K [0x0000000080000000, 0x0000000100000000)
  region size 1024K, 51 young (52224K), 6 survivors (6144K)
 Metaspace       used 117707K, committed 118976K, reserved 557056K
  class space    used 16201K, committed 16768K, reserved 425984K
}
Event: 50.660 GC heap after
{Heap after GC invocations=59 (full 0):
 garbage-first heap   total 306176K, used 216575K [0x0000000080000000, 0x0000000100000000)
  region size 1024K, 5 young (5120K), 5 survivors (5120K)
 Metaspace       used 117707K, committed 118976K, reserved 557056K
  class space    used 16201K, committed 16768K, reserved 425984K
}
Event: 51.674 GC heap before
{Heap before GC invocations=59 (full 0):
 garbage-first heap   total 306176K, used 260607K [0x0000000080000000, 0x0000000100000000)
  region size 1024K, 49 young (50176K), 5 survivors (5120K)
 Metaspace       used 118319K, committed 119488K, reserved 557056K
  class space    used 16234K, committed 16768K, reserved 425984K
}
Event: 51.682 GC heap after
{Heap after GC invocations=60 (full 0):
 garbage-first heap   total 306176K, used 217795K [0x0000000080000000, 0x0000000100000000)
  region size 1024K, 4 young (4096K), 4 survivors (4096K)
 Metaspace       used 118319K, committed 119488K, reserved 557056K
  class space    used 16234K, committed 16768K, reserved 425984K
}
Event: 52.220 GC heap before
{Heap before GC invocations=60 (full 0):
 garbage-first heap   total 306176K, used 260803K [0x0000000080000000, 0x0000000100000000)
  region size 1024K, 47 young (48128K), 4 survivors (4096K)
 Metaspace       used 118626K, committed 119872K, reserved 557056K
  class space    used 16271K, committed 16832K, reserved 425984K
}
Event: 52.229 GC heap after
{Heap after GC invocations=61 (full 0):
 garbage-first heap   total 306176K, used 219601K [0x0000000080000000, 0x0000000100000000)
  region size 1024K, 5 young (5120K), 5 survivors (5120K)
 Metaspace       used 118626K, committed 119872K, reserved 557056K
  class space    used 16271K, committed 16832K, reserved 425984K
}
Event: 53.049 GC heap before
{Heap before GC invocations=61 (full 0):
 garbage-first heap   total 306176K, used 260561K [0x0000000080000000, 0x0000000100000000)
  region size 1024K, 46 young (47104K), 5 survivors (5120K)
 Metaspace       used 118904K, committed 120256K, reserved 557056K
  class space    used 16299K, committed 16896K, reserved 425984K
}
Event: 53.062 GC heap after
{Heap after GC invocations=62 (full 0):
 garbage-first heap   total 306176K, used 220592K [0x0000000080000000, 0x0000000100000000)
  region size 1024K, 4 young (4096K), 4 survivors (4096K)
 Metaspace       used 118904K, committed 120256K, reserved 557056K
  class space    used 16299K, committed 16896K, reserved 425984K
}
Event: 53.959 GC heap before
{Heap before GC invocations=62 (full 0):
 garbage-first heap   total 306176K, used 245168K [0x0000000080000000, 0x0000000100000000)
  region size 1024K, 28 young (28672K), 4 survivors (4096K)
 Metaspace       used 122985K, committed 124288K, reserved 557056K
  class space    used 16877K, committed 17472K, reserved 425984K
}
Event: 53.968 GC heap after
{Heap after GC invocations=63 (full 0):
 garbage-first heap   total 306176K, used 224111K [0x0000000080000000, 0x0000000100000000)
  region size 1024K, 4 young (4096K), 4 survivors (4096K)
 Metaspace       used 122985K, committed 124288K, reserved 557056K
  class space    used 16877K, committed 17472K, reserved 425984K
}

