# JRE version: OpenJDK Runtime Environment Microsoft-11369865 (17.0.15+6) (build 17.0.15+6-LTS)
# Java VM: OpenJDK 64-Bit Server VM Microsoft-11369865 (17.0.15+6-LTS, mixed mode, sharing, tiered, compressed oops, compressed class ptrs, g1 gc, windows-amd64)
GC Precious Log:
 CPUs: 4 total, 4 available
 Memory: 8073M
 Large Page Support: Disabled
 NUMA Support: Disabled
 Compressed Oops: Enabled (32-bit)
 Heap Region Size: 1M
 Heap Min Capacity: 8M
 Heap Initial Capacity: 128M
 Heap Max Capacity: 2G
 Pre-touch: Disabled
 Parallel Workers: 4
 Concurrent Workers: 1
 Concurrent Refinement Workers: 4
 Periodic GC: Disabled
Heap:
 garbage-first heap   total 471040K, used 333683K [0x0000000080000000, 0x0000000100000000)
  region size 1024K, 73 young (74752K), 8 survivors (8192K)
 Metaspace       used 129133K, committed 130432K, reserved 557056K
  class space    used 17631K, committed 18240K, reserved 425984K
GC Heap History (20 events):
Event: 123.299 GC heap before
{Heap before GC invocations=74 (full 0):
 garbage-first heap   total 455680K, used 401536K [0x0000000080000000, 0x0000000100000000)
  region size 1024K, 190 young (194560K), 9 survivors (9216K)
 Metaspace       used 117924K, committed 118912K, reserved 557056K
  class space    used 16078K, committed 16512K, reserved 425984K
}
Event: 123.308 GC heap after
{Heap after GC invocations=75 (full 0):
 garbage-first heap   total 455680K, used 209892K [0x0000000080000000, 0x0000000100000000)
  region size 1024K, 7 young (7168K), 7 survivors (7168K)
 Metaspace       used 117924K, committed 118912K, reserved 557056K
  class space    used 16078K, committed 16512K, reserved 425984K
}
Event: 124.184 GC heap before
{Heap before GC invocations=75 (full 0):
 garbage-first heap   total 455680K, used 401380K [0x0000000080000000, 0x0000000100000000)
  region size 1024K, 194 young (198656K), 7 survivors (7168K)
 Metaspace       used 117940K, committed 118976K, reserved 557056K
  class space    used 16078K, committed 16512K, reserved 425984K
}
Event: 124.194 GC heap after
{Heap after GC invocations=76 (full 0):
 garbage-first heap   total 455680K, used 212096K [0x0000000080000000, 0x0000000100000000)
  region size 1024K, 9 young (9216K), 9 survivors (9216K)
 Metaspace       used 117940K, committed 118976K, reserved 557056K
  class space    used 16078K, committed 16512K, reserved 425984K
}
Event: 125.211 GC heap before
{Heap before GC invocations=76 (full 0):
 garbage-first heap   total 455680K, used 404608K [0x0000000080000000, 0x0000000100000000)
  region size 1024K, 192 young (196608K), 9 survivors (9216K)
 Metaspace       used 117959K, committed 118976K, reserved 557056K
  class space    used 16081K, committed 16512K, reserved 425984K
}
Event: 125.220 GC heap after
{Heap after GC invocations=77 (full 0):
 garbage-first heap   total 455680K, used 214544K [0x0000000080000000, 0x0000000100000000)
  region size 1024K, 10 young (10240K), 10 survivors (10240K)
 Metaspace       used 117959K, committed 118976K, reserved 557056K
  class space    used 16081K, committed 16512K, reserved 425984K
}
Event: 128.060 GC heap before
{Heap before GC invocations=77 (full 0):
 garbage-first heap   total 455680K, used 396816K [0x0000000080000000, 0x0000000100000000)
  region size 1024K, 189 young (193536K), 10 survivors (10240K)
 Metaspace       used 119634K, committed 120704K, reserved 557056K
  class space    used 16343K, committed 16832K, reserved 425984K
}
Event: 128.085 GC heap after
{Heap after GC invocations=78 (full 0):
 garbage-first heap   total 455680K, used 222336K [0x0000000080000000, 0x0000000100000000)
  region size 1024K, 17 young (17408K), 17 survivors (17408K)
 Metaspace       used 119634K, committed 120704K, reserved 557056K
  class space    used 16343K, committed 16832K, reserved 425984K
}
Event: 130.301 GC heap before
{Heap before GC invocations=78 (full 0):
 garbage-first heap   total 455680K, used 395392K [0x0000000080000000, 0x0000000100000000)
  region size 1024K, 182 young (186368K), 17 survivors (17408K)
 Metaspace       used 120241K, committed 121344K, reserved 557056K
  class space    used 16423K, committed 16896K, reserved 425984K
}
Event: 130.329 GC heap after
{Heap after GC invocations=79 (full 0):
 garbage-first heap   total 455680K, used 239463K [0x0000000080000000, 0x0000000100000000)
  region size 1024K, 23 young (23552K), 23 survivors (23552K)
 Metaspace       used 120241K, committed 121344K, reserved 557056K
  class space    used 16423K, committed 16896K, reserved 425984K
}
Event: 132.550 GC heap before
{Heap before GC invocations=79 (full 0):
 garbage-first heap   total 455680K, used 386919K [0x0000000080000000, 0x0000000100000000)
  region size 1024K, 164 young (167936K), 23 survivors (23552K)
 Metaspace       used 120758K, committed 121856K, reserved 557056K
  class space    used 16488K, committed 17024K, reserved 425984K
}
Event: 132.584 GC heap after
{Heap after GC invocations=80 (full 0):
 garbage-first heap   total 455680K, used 254150K [0x0000000080000000, 0x0000000100000000)
  region size 1024K, 14 young (14336K), 14 survivors (14336K)
 Metaspace       used 120758K, committed 121856K, reserved 557056K
  class space    used 16488K, committed 17024K, reserved 425984K
}
Event: 134.526 GC heap before
{Heap before GC invocations=80 (full 0):
 garbage-first heap   total 455680K, used 379078K [0x0000000080000000, 0x0000000100000000)
  region size 1024K, 136 young (139264K), 14 survivors (14336K)
 Metaspace       used 123554K, committed 124736K, reserved 557056K
  class space    used 16914K, committed 17472K, reserved 425984K
}
Event: 134.553 GC heap after
{Heap after GC invocations=81 (full 0):
 garbage-first heap   total 455680K, used 264883K [0x0000000080000000, 0x0000000100000000)
  region size 1024K, 11 young (11264K), 11 survivors (11264K)
 Metaspace       used 123554K, committed 124736K, reserved 557056K
  class space    used 16914K, committed 17472K, reserved 425984K
}
Event: 137.334 GC heap before
{Heap before GC invocations=82 (full 0):
 garbage-first heap   total 471040K, used 381619K [0x0000000080000000, 0x0000000100000000)
  region size 1024K, 125 young (128000K), 11 survivors (11264K)
 Metaspace       used 127321K, committed 128576K, reserved 557056K
  class space    used 17455K, committed 18048K, reserved 425984K
}
Event: 137.369 GC heap after
{Heap after GC invocations=83 (full 0):
 garbage-first heap   total 471040K, used 277683K [0x0000000080000000, 0x0000000100000000)
  region size 1024K, 13 young (13312K), 13 survivors (13312K)
 Metaspace       used 127321K, committed 128576K, reserved 557056K
  class space    used 17455K, committed 18048K, reserved 425984K
}
Event: 137.522 GC heap before
{Heap before GC invocations=83 (full 0):
 garbage-first heap   total 471040K, used 287923K [0x0000000080000000, 0x0000000100000000)
  region size 1024K, 23 young (23552K), 13 survivors (13312K)
 Metaspace       used 127564K, committed 128896K, reserved 557056K
  class space    used 17486K, committed 18112K, reserved 425984K
}
Event: 137.563 GC heap after
{Heap after GC invocations=84 (full 0):
 garbage-first heap   total 471040K, used 264883K [0x0000000080000000, 0x0000000100000000)
  region size 1024K, 2 young (2048K), 2 survivors (2048K)
 Metaspace       used 127564K, committed 128896K, reserved 557056K
  class space    used 17486K, committed 18112K, reserved 425984K
}
Event: 138.853 GC heap before
{Heap before GC invocations=84 (full 0):
 garbage-first heap   total 471040K, used 395955K [0x0000000080000000, 0x0000000100000000)
  region size 1024K, 126 young (129024K), 2 survivors (2048K)
 Metaspace       used 129132K, committed 130432K, reserved 557056K
  class space    used 17631K, committed 18240K, reserved 425984K
}
Event: 138.873 GC heap after
{Heap after GC invocations=85 (full 0):
 garbage-first heap   total 471040K, used 270195K [0x0000000080000000, 0x0000000100000000)
  region size 1024K, 8 young (8192K), 8 survivors (8192K)
 Metaspace       used 129132K, committed 130432K, reserved 557056K
  class space    used 17631K, committed 18240K, reserved 425984K
}

